building the system configuration...
these 13 derivations will be built:
  /nix/store/lhjkv1bsqkr5x4yk2a838kgsqscj5499-set-environment.drv
  /nix/store/xd6pf27k82ff4hgb5kz0rx7fbq3j6sbp-etc-profile.drv
  /nix/store/ax952vgld59d49j49n5k9396aw0zhr12-abstractions-bash.drv
  /nix/store/4rw8l2zklyhy8rbn7q6cr7wh4b8fi9q9-apparmor.d.drv
  /nix/store/rjawpdr8hh42baaz77qk34hh7lhhkxmd-X-Restart-Triggers-apparmor.drv
  /nix/store/121c5k4ns5apr3g93sr081w6y0s0kg44-unit-apparmor.service.drv
  /nix/store/2ig96yi818wb72vipq3360fwfhskky16-unit-nixos-upgrade.service.drv
  /nix/store/cn45j76p8f1hknv2iw4igkl10qb7kjrc-etc-nix-registry.json.drv
  /nix/store/dc00a7z5mbx2s5h900rcv20dmhkld5iz-etc-zshenv.drv
  /nix/store/n5jhpaykapx1ygdd0k1zrc86r76mvk8d-system-units.drv
  /nix/store/r4la5y57x2dzm7hspfic4vxx55ig9517-etc-pam-environment.drv
  /nix/store/jk4kvj1nxc4z4lyvi6s9rsgnvgryz5iv-etc.drv
  /nix/store/rqha83aysvq3f8xnixvxs8sch56dgbb5-nixos-system-dellap-24.05.20240425.7bb2ccd.drv
building '/nix/store/cn45j76p8f1hknv2iw4igkl10qb7kjrc-etc-nix-registry.json.drv'...
building '/nix/store/r4la5y57x2dzm7hspfic4vxx55ig9517-etc-pam-environment.drv'...
building '/nix/store/lhjkv1bsqkr5x4yk2a838kgsqscj5499-set-environment.drv'...
building '/nix/store/2ig96yi818wb72vipq3360fwfhskky16-unit-nixos-upgrade.service.drv'...
building '/nix/store/xd6pf27k82ff4hgb5kz0rx7fbq3j6sbp-etc-profile.drv'...
building '/nix/store/dc00a7z5mbx2s5h900rcv20dmhkld5iz-etc-zshenv.drv'...
building '/nix/store/ax952vgld59d49j49n5k9396aw0zhr12-abstractions-bash.drv'...
building '/nix/store/4rw8l2zklyhy8rbn7q6cr7wh4b8fi9q9-apparmor.d.drv'...
building '/nix/store/rjawpdr8hh42baaz77qk34hh7lhhkxmd-X-Restart-Triggers-apparmor.drv'...
building '/nix/store/121c5k4ns5apr3g93sr081w6y0s0kg44-unit-apparmor.service.drv'...
building '/nix/store/n5jhpaykapx1ygdd0k1zrc86r76mvk8d-system-units.drv'...
building '/nix/store/jk4kvj1nxc4z4lyvi6s9rsgnvgryz5iv-etc.drv'...
building '/nix/store/rqha83aysvq3f8xnixvxs8sch56dgbb5-nixos-system-dellap-24.05.20240425.7bb2ccd.drv'...
activating the configuration...
setting up /etc...
reloading user units for grajap...
restarting sysinit-reactivation.target
reloading the following units: apparmor.service
